<?xml version="1.0" encoding="UTF-8"?>
<!-- Generated by org.testng.reporters.JUnitXMLReporter -->
<testsuite ignored="2" hostname="LAPTOP-EELAABPC" failures="0" tests="1" name="Chrome" time="0.051" errors="0" timestamp="2022-10-10T23:24:48 IST">
  <testcase classname="TestNg_Twitter.Twitter_1_home" name="@BeforeTest openbrowser" time="-1.665424488233E9">
    <failure type="org.testng.TestNGException" message="
Can inject only one of &amp;lt;ITestContext, XmlTest&amp;gt; into a @BeforeTest annotated openbrowser.
For more information on native dependency injection please refer to https://testng.org/doc/documentation-main.html#native-dependency-injection">
      <![CDATA[org.testng.TestNGException: 
Can inject only one of <ITestContext, XmlTest> into a @BeforeTest annotated openbrowser.
For more information on native dependency injection please refer to https://testng.org/doc/documentation-main.html#native-dependency-injection
... Removed 21 stack frames]]>
    </failure>
  </testcase> <!-- @BeforeTest openbrowser -->
  <testcase classname="TestNg_Twitter.Twitter_1_home" name="@BeforeClass ctreateobject" time="-1.665424488254E9">
    <skipped/>
  </testcase> <!-- @BeforeClass ctreateobject -->
  <testcase classname="TestNg_Twitter.Twitter_1_home" name="@BeforeMethod logintwitter" time="-1.665424488265E9">
    <skipped/>
  </testcase> <!-- @BeforeMethod logintwitter -->
  <testcase classname="TestNg_Twitter.Twitter_1_home" name="@AfterMethod logouttwitter" time="-1.665424488276E9">
    <skipped/>
  </testcase> <!-- @AfterMethod logouttwitter -->
  <testcase classname="TestNg_Twitter.Twitter_1_home" name="@AfterClass Clearobject" time="-1.665424488277E9">
    <skipped/>
  </testcase> <!-- @AfterClass Clearobject -->
  <testcase classname="TestNg_Twitter.Twitter_1_home" name="@AfterTest closebrowser" time="-1.665424488279E9">
    <skipped/>
  </testcase> <!-- @AfterTest closebrowser -->
  <testcase classname="TestNg_Twitter.Twitter_1_home" name="HomeGIF" time="0.0">
    <skipped/>
  </testcase> <!-- HomeGIF -->
  <testcase classname="TestNg_Twitter.Twitter_1_home" name="HomeAddPoll" time="0.0">
    <ignored/>
  </testcase> <!-- HomeAddPoll -->
  <testcase classname="TestNg_Twitter.Twitter_1_home" name="HomeScheduleTweet" time="0.0">
    <ignored/>
  </testcase> <!-- HomeScheduleTweet -->
</testsuite> <!-- Chrome -->
