<?xml version="1.0" encoding="UTF-8"?>
<!-- Generated by org.testng.reporters.JUnitXMLReporter -->
<testsuite ignored="0" hostname="LAPTOP-EELAABPC" failures="0" tests="4" name="TestTwitter" time="138.826" errors="0" timestamp="2022-10-10T12:10:09 IST">
  <testcase classname="TestNg_Twitter.Twitter_1_home" name="HomeGIF" time="6.644"/>
  <testcase classname="TestNg_Twitter.Twitter_1_home" name="HomeAddPoll" time="6.491"/>
  <testcase classname="TestNg_Twitter.Twitter_1_home" name="HomeScheduleTweet" time="7.741"/>
  <testcase classname="TestNg_Twitter.Twitter_2_search" name="SearchSend" time="41.42"/>
</testsuite> <!-- TestTwitter -->
