<?xml version="1.0" encoding="UTF-8"?>
<!-- Generated by org.testng.reporters.JUnitXMLReporter -->
<testsuite ignored="2" hostname="LAPTOP-EELAABPC" failures="0" tests="5" name="Test" time="0.08" errors="0" timestamp="2022-10-13T11:14:12 IST">
  <testcase classname="TestNg_Twitter.Twitter_1_home" name="@BeforeTest openbrowser" time="-1.665639852875E9">
    <failure type="org.testng.TestNGException" message="
Parameter &amp;apos;browser&amp;apos; is required by BeforeTest on method openbrowser but has not been marked @Optional or defined
in C:\Users\amolb\eclipse-workspace\june11\testngregressiontwitter.xml">
      <![CDATA[org.testng.TestNGException: 
Parameter 'browser' is required by BeforeTest on method openbrowser but has not been marked @Optional or defined
in C:\Users\amolb\eclipse-workspace\june11\testngregressiontwitter.xml
... Removed 21 stack frames]]>
    </failure>
  </testcase> <!-- @BeforeTest openbrowser -->
  <testcase classname="TestNg_Twitter.Twitter_2_search" name="@BeforeTest openbrowsers" time="-1.66563985289E9">
    <skipped/>
  </testcase> <!-- @BeforeTest openbrowsers -->
  <testcase classname="TestNg_Twitter.Twitter_3_notification" name="@BeforeTest openbrowsern" time="-1.665639852892E9">
    <skipped/>
  </testcase> <!-- @BeforeTest openbrowsern -->
  <testcase classname="TestNg_Twitter.Twitter_4_messages" name="@BeforeTest openbrowserm" time="-1.665639852894E9">
    <skipped/>
  </testcase> <!-- @BeforeTest openbrowserm -->
  <testcase classname="TestNg_Twitter.Twitter_5_profile" name="@BeforeTest openbrowserp" time="-1.665639852894E9">
    <skipped/>
  </testcase> <!-- @BeforeTest openbrowserp -->
  <testcase classname="TestNg_Twitter.Twitter_1_home" name="@BeforeClass ctreateobject" time="-1.665639852908E9">
    <skipped/>
  </testcase> <!-- @BeforeClass ctreateobject -->
  <testcase classname="TestNg_Twitter.Twitter_1_home" name="@BeforeMethod logintwitter" time="-1.66563985292E9">
    <skipped/>
  </testcase> <!-- @BeforeMethod logintwitter -->
  <testcase classname="TestNg_Twitter.Twitter_1_home" name="@AfterMethod logouttwitter" time="-1.665639852924E9">
    <skipped/>
  </testcase> <!-- @AfterMethod logouttwitter -->
  <testcase classname="TestNg_Twitter.Twitter_1_home" name="@AfterClass Clearobject" time="-1.665639852925E9">
    <skipped/>
  </testcase> <!-- @AfterClass Clearobject -->
  <testcase classname="TestNg_Twitter.Twitter_2_search" name="@BeforeClass createobjects" time="-1.665639852928E9">
    <skipped/>
  </testcase> <!-- @BeforeClass createobjects -->
  <testcase classname="TestNg_Twitter.Twitter_2_search" name="@BeforeMethod logintwitter" time="-1.665639852929E9">
    <skipped/>
  </testcase> <!-- @BeforeMethod logintwitter -->
  <testcase classname="TestNg_Twitter.Twitter_2_search" name="@AfterClass Clearobject" time="-1.665639852932E9">
    <skipped/>
  </testcase> <!-- @AfterClass Clearobject -->
  <testcase classname="TestNg_Twitter.Twitter_3_notification" name="@BeforeClass createobjectn" time="-1.665639852933E9">
    <skipped/>
  </testcase> <!-- @BeforeClass createobjectn -->
  <testcase classname="TestNg_Twitter.Twitter_3_notification" name="@BeforeMethod logintwitter" time="-1.665639852934E9">
    <skipped/>
  </testcase> <!-- @BeforeMethod logintwitter -->
  <testcase classname="TestNg_Twitter.Twitter_3_notification" name="@AfterMethod logouttwitter" time="-1.665639852936E9">
    <skipped/>
  </testcase> <!-- @AfterMethod logouttwitter -->
  <testcase classname="TestNg_Twitter.Twitter_3_notification" name="@AfterClass Clearobject" time="-1.665639852936E9">
    <skipped/>
  </testcase> <!-- @AfterClass Clearobject -->
  <testcase classname="TestNg_Twitter.Twitter_4_messages" name="@BeforeClass createobjectm" time="-1.665639852937E9">
    <skipped/>
  </testcase> <!-- @BeforeClass createobjectm -->
  <testcase classname="TestNg_Twitter.Twitter_4_messages" name="@BeforeMethod logintwitter" time="-1.665639852938E9">
    <skipped/>
  </testcase> <!-- @BeforeMethod logintwitter -->
  <testcase classname="TestNg_Twitter.Twitter_4_messages" name="@AfterMethod logouttwitter" time="-1.665639852941E9">
    <skipped/>
  </testcase> <!-- @AfterMethod logouttwitter -->
  <testcase classname="TestNg_Twitter.Twitter_4_messages" name="@AfterClass Clearobject" time="-1.665639852942E9">
    <skipped/>
  </testcase> <!-- @AfterClass Clearobject -->
  <testcase classname="TestNg_Twitter.Twitter_5_profile" name="@BeforeClass createobjectp" time="-1.665639852942E9">
    <skipped/>
  </testcase> <!-- @BeforeClass createobjectp -->
  <testcase classname="TestNg_Twitter.Twitter_5_profile" name="@BeforeMethod logintwitter" time="-1.665639852943E9">
    <skipped/>
  </testcase> <!-- @BeforeMethod logintwitter -->
  <testcase classname="TestNg_Twitter.Twitter_5_profile" name="@AfterMethod logouttwitter" time="-1.665639852945E9">
    <skipped/>
  </testcase> <!-- @AfterMethod logouttwitter -->
  <testcase classname="TestNg_Twitter.Twitter_5_profile" name="@AfterClass Clearobject" time="-1.665639852946E9">
    <skipped/>
  </testcase> <!-- @AfterClass Clearobject -->
  <testcase classname="TestNg_Twitter.Twitter_1_home" name="@AfterTest closebrowser" time="-1.665639852946E9">
    <skipped/>
  </testcase> <!-- @AfterTest closebrowser -->
  <testcase classname="TestNg_Twitter.Twitter_2_search" name="@AfterTest closebrowser" time="-1.665639852947E9">
    <skipped/>
  </testcase> <!-- @AfterTest closebrowser -->
  <testcase classname="TestNg_Twitter.Twitter_3_notification" name="@AfterTest closebrowser" time="-1.665639852948E9">
    <skipped/>
  </testcase> <!-- @AfterTest closebrowser -->
  <testcase classname="TestNg_Twitter.Twitter_4_messages" name="@AfterTest closebrowser" time="-1.665639852949E9">
    <skipped/>
  </testcase> <!-- @AfterTest closebrowser -->
  <testcase classname="TestNg_Twitter.Twitter_5_profile" name="@AfterTest closebrowser" time="-1.66563985295E9">
    <skipped/>
  </testcase> <!-- @AfterTest closebrowser -->
  <testcase classname="TestNg_Twitter.Twitter_1_home" name="HomeGIF" time="0.0">
    <skipped/>
  </testcase> <!-- HomeGIF -->
  <testcase classname="TestNg_Twitter.Twitter_2_search" name="SearchSend" time="0.0">
    <skipped/>
  </testcase> <!-- SearchSend -->
  <testcase classname="TestNg_Twitter.Twitter_3_notification" name="Notifications" time="0.0">
    <skipped/>
  </testcase> <!-- Notifications -->
  <testcase classname="TestNg_Twitter.Twitter_4_messages" name="Messages" time="0.0">
    <skipped/>
  </testcase> <!-- Messages -->
  <testcase classname="TestNg_Twitter.Twitter_5_profile" name="Profile" time="0.0">
    <skipped/>
  </testcase> <!-- Profile -->
  <testcase classname="TestNg_Twitter.Twitter_1_home" name="HomeAddPoll" time="0.0">
    <ignored/>
  </testcase> <!-- HomeAddPoll -->
  <testcase classname="TestNg_Twitter.Twitter_1_home" name="HomeScheduleTweet" time="0.0">
    <ignored/>
  </testcase> <!-- HomeScheduleTweet -->
</testsuite> <!-- Test -->
