<?xml version="1.0" encoding="UTF-8"?>
<testng-results ignored="0" total="1" passed="1" failed="0" skipped="0">
  <reporter-output>
  </reporter-output>
  <suite started-at="2022-10-01T18:16:21 IST" name="Default suite" finished-at="2022-10-01T18:16:21 IST" duration-ms="61">
    <groups>
    </groups>
    <test started-at="2022-10-01T18:16:21 IST" name="Default test" finished-at="2022-10-01T18:16:21 IST" duration-ms="61">
      <class name="TestNg.Test_TestNg">
        <test-method is-config="true" signature="beclass()[pri:0, instance:TestNg.Test_TestNg@2145b572]" started-at="2022-10-01T18:16:21 IST" name="beclass" finished-at="2022-10-01T18:16:21 IST" duration-ms="13" status="PASS">
          <reporter-output>
          </reporter-output>
        </test-method> <!-- beclass -->
        <test-method is-config="true" signature="bemethod()[pri:0, instance:TestNg.Test_TestNg@2145b572]" started-at="2022-10-01T18:16:21 IST" name="bemethod" finished-at="2022-10-01T18:16:21 IST" duration-ms="1" status="PASS">
          <reporter-output>
          </reporter-output>
        </test-method> <!-- bemethod -->
        <test-method signature="test()[pri:0, instance:TestNg.Test_TestNg@2145b572]" started-at="2022-10-01T18:16:21 IST" name="test" finished-at="2022-10-01T18:16:21 IST" duration-ms="7" status="PASS">
          <reporter-output>
          </reporter-output>
        </test-method> <!-- test -->
      </class> <!-- TestNg.Test_TestNg -->
    </test> <!-- Default test -->
  </suite> <!-- Default suite -->
</testng-results>
